Arguments: 
  C:\Program Files\nodejs\node.exe C:\Users\omp12\AppData\Roaming\npm\node_modules\yarn\bin\yarn.js install

PATH: 
  C:\Program Files\Oculus\Support\oculus-runtime;C:\windows\system32;C:\windows;C:\windows\System32\Wbem;C:\windows\System32\WindowsPowerShell\v1.0\;C:\windows\System32\OpenSSH\;C:\Program Files (x86)\NVIDIA Corporation\PhysX\Common;C:\Program Files\NVIDIA Corporation\NVIDIA NvDLISR;C:\Program Files\Microsoft SQL Server\150\Tools\Binn\;C:\Program Files\Microsoft SQL Server\Client SDK\ODBC\170\Tools\Binn\;C:\WINDOWS\system32;C:\WINDOWS;C:\WINDOWS\System32\Wbem;C:\WINDOWS\System32\WindowsPowerShell\v1.0\;C:\WINDOWS\System32\OpenSSH\;C:\Program Files\Git\cmd;C:\Program Files (x86)\Microsoft SQL Server\160\Tools\Binn\;C:\Program Files\Microsoft SQL Server\160\Tools\Binn\;C:\Program Files\Microsoft SQL Server\160\DTS\Binn\;C:\Program Files (x86)\Microsoft SQL Server\150\DTS\Binn\;C:\Program Files\Azure Data Studio\bin;C:\Program Files\PuTTY\;C:\Users\omp12\AppData\Roaming\nvm;C:\Program Files\nodejs;C:\Program Files\Docker\Docker\resources\bin;C:\Program Files\dotnet\;C:\Program Files\nodejs\;C:\Users\omp12\AppData\Local\Programs\Python\Python311\Scripts\;C:\Users\omp12\AppData\Local\Programs\Python\Python311\;C:\Users\omp12\AppData\Local\Microsoft\WindowsApps;C:\Program Files\Azure Data Studio\bin;C:\Users\omp12\.dotnet\tools;C:\Users\omp12\AppData\Local\GitHubDesktop\bin;C:\Users\omp12\AppData\Roaming\nvm;C:\Program Files\nodejs;C:\RSL\platform-tools;C:\Program Files\MySQL\MySQL Server 8.4\bin;C:\Users\omp12\.dotnet\tools;C:\Users\omp12\AppData\Local\Programs\Microsoft VS Code\bin;C:\Users\omp12\AppData\Roaming\npm;C:\Users\omp12\AppData\Local\Programs\Antigravity\bin

Yarn version: 
  1.22.19

Node version: 
  24.13.0

Platform: 
  win32 x64

Trace: 
  Error: ENOTDIR: not a directory, scandir 'C:\personales\portafolio next\b_IVegvyraYpz\node_modules'

npm manifest: 
  {
    "name": "my-project",
    "version": "0.1.0",
    "private": true,
    "scripts": {
      "dev": "next dev",
      "build": "next build",
      "start": "next start",
      "lint": "eslint ."
    },
    "dependencies": {
      "@hookform/resolvers": "^3.9.1",
      "@radix-ui/react-accordion": "1.2.2",
      "@radix-ui/react-alert-dialog": "1.1.4",
      "@radix-ui/react-aspect-ratio": "1.1.1",
      "@radix-ui/react-avatar": "1.1.2",
      "@radix-ui/react-checkbox": "1.1.3",
      "@radix-ui/react-collapsible": "1.1.2",
      "@radix-ui/react-context-menu": "2.2.4",
      "@radix-ui/react-dialog": "1.1.4",
      "@radix-ui/react-dropdown-menu": "2.1.4",
      "@radix-ui/react-hover-card": "1.1.4",
      "@radix-ui/react-label": "2.1.1",
      "@radix-ui/react-menubar": "1.1.4",
      "@radix-ui/react-navigation-menu": "1.2.3",
      "@radix-ui/react-popover": "1.1.4",
      "@radix-ui/react-progress": "1.1.1",
      "@radix-ui/react-radio-group": "1.2.2",
      "@radix-ui/react-scroll-area": "1.2.2",
      "@radix-ui/react-select": "2.1.4",
      "@radix-ui/react-separator": "1.1.1",
      "@radix-ui/react-slider": "1.2.2",
      "@radix-ui/react-slot": "1.1.1",
      "@radix-ui/react-switch": "1.1.2",
      "@radix-ui/react-tabs": "1.1.2",
      "@radix-ui/react-toast": "1.2.4",
      "@radix-ui/react-toggle": "1.1.1",
      "@radix-ui/react-toggle-group": "1.1.1",
      "@radix-ui/react-tooltip": "1.1.6",
      "autoprefixer": "^10.4.20",
      "class-variance-authority": "^0.7.1",
      "clsx": "^2.1.1",
      "cmdk": "1.1.1",
      "date-fns": "4.1.0",
      "embla-carousel-react": "8.5.1",
      "input-otp": "1.4.1",
      "lucide-react": "^0.544.0",
      "next": "16.1.6",
      "next-themes": "^0.4.6",
      "react": "^19",
      "react-day-picker": "8.10.1",
      "react-dom": "^19",
      "react-hook-form": "^7.54.1",
      "react-resizable-panels": "^2.1.7",
      "recharts": "2.15.0",
      "sonner": "^1.7.1",
      "tailwind-merge": "^2.5.5",
      "tailwindcss-animate": "^1.0.7",
      "vaul": "^1.1.2",
      "zod": "^3.24.1"
    },
    "devDependencies": {
      "@tailwindcss/postcss": "^4.1.13",
      "@types/node": "^22",
      "@types/react": "^19",
      "@types/react-dom": "^19",
      "postcss": "^8.5",
      "tailwindcss": "^3.4.17",
      "typescript": "5.7.3"
    }
  }

yarn manifest: 
  No manifest

Lockfile: 
  No lockfile
